# JRE version: OpenJDK Runtime Environment (8.0_112-b06) (build 1.8.0_112-release-b06)
# Java VM: OpenJDK 64-Bit Server VM (25.112-b06 mixed mode windows-amd64 compressed oops)
Heap:
 PSYoungGen      total 57856K, used 43203K [0x00000000e0000000, 0x00000000e4280000, 0x0000000100000000)
  eden space 47616K, 78% used [0x00000000e0000000,0x00000000e24b2790,0x00000000e2e80000)
  from space 10240K, 54% used [0x00000000e3880000,0x00000000e3dfe500,0x00000000e4280000)
  to   space 10240K, 0% used [0x00000000e2e80000,0x00000000e2e80000,0x00000000e3880000)
 ParOldGen       total 69120K, used 8729K [0x00000000a0000000, 0x00000000a4380000, 0x00000000e0000000)
  object space 69120K, 12% used [0x00000000a0000000,0x00000000a0886458,0x00000000a4380000)
 Metaspace       used 30276K, capacity 30836K, committed 30848K, reserved 1075200K
  class space    used 4076K, capacity 4214K, committed 4224K, reserved 1048576K
GC Heap History (10 events):
Event: 7.841 GC heap before
{Heap before GC invocations=3 (full 0):
 PSYoungGen      total 38400K, used 38391K [0x00000000e0000000, 0x00000000e2a80000, 0x0000000100000000)
  eden space 33280K, 100% used [0x00000000e0000000,0x00000000e2080000,0x00000000e2080000)
  from space 5120K, 99% used [0x00000000e2580000,0x00000000e2a7dc00,0x00000000e2a80000)
  to   space 5120K, 0% used [0x00000000e2080000,0x00000000e2080000,0x00000000e2580000)
 ParOldGen       total 87552K, used 1088K [0x00000000a0000000, 0x00000000a5580000, 0x00000000e0000000)
  object space 87552K, 1% used [0x00000000a0000000,0x00000000a01100c0,0x00000000a5580000)
 Metaspace       used 16397K, capacity 16774K, committed 17024K, reserved 1064960K
  class space    used 2268K, capacity 2400K, committed 2432K, reserved 1048576K
Event: 7.852 GC heap after
Heap after GC invocations=3 (full 0):
 PSYoungGen      total 38400K, used 5088K [0x00000000e0000000, 0x00000000e2a80000, 0x0000000100000000)
  eden space 33280K, 0% used [0x00000000e0000000,0x00000000e0000000,0x00000000e2080000)
  from space 5120K, 99% used [0x00000000e2080000,0x00000000e2578060,0x00000000e2580000)
  to   space 5120K, 0% used [0x00000000e2580000,0x00000000e2580000,0x00000000e2a80000)
 ParOldGen       total 87552K, used 4115K [0x00000000a0000000, 0x00000000a5580000, 0x00000000e0000000)
  object space 87552K, 4% used [0x00000000a0000000,0x00000000a0404fc0,0x00000000a5580000)
 Metaspace       used 16397K, capacity 16774K, committed 17024K, reserved 1064960K
  class space    used 2268K, capacity 2400K, committed 2432K, reserved 1048576K
}
Event: 9.426 GC heap before
{Heap before GC invocations=4 (full 0):
 PSYoungGen      total 38400K, used 26449K [0x00000000e0000000, 0x00000000e2a80000, 0x0000000100000000)
  eden space 33280K, 64% used [0x00000000e0000000,0x00000000e14dc410,0x00000000e2080000)
  from space 5120K, 99% used [0x00000000e2080000,0x00000000e2578060,0x00000000e2580000)
  to   space 5120K, 0% used [0x00000000e2580000,0x00000000e2580000,0x00000000e2a80000)
 ParOldGen       total 87552K, used 4115K [0x00000000a0000000, 0x00000000a5580000, 0x00000000e0000000)
  object space 87552K, 4% used [0x00000000a0000000,0x00000000a0404fc0,0x00000000a5580000)
 Metaspace       used 20731K, capacity 21138K, committed 21296K, reserved 1067008K
  class space    used 2794K, capacity 2916K, committed 2944K, reserved 1048576K
Event: 9.450 GC heap after
Heap after GC invocations=4 (full 0):
 PSYoungGen      total 38400K, used 5113K [0x00000000e0000000, 0x00000000e2a80000, 0x0000000100000000)
  eden space 33280K, 0% used [0x00000000e0000000,0x00000000e0000000,0x00000000e2080000)
  from space 5120K, 99% used [0x00000000e2580000,0x00000000e2a7e660,0x00000000e2a80000)
  to   space 5120K, 0% used [0x00000000e2080000,0x00000000e2080000,0x00000000e2580000)
 ParOldGen       total 87552K, used 7857K [0x00000000a0000000, 0x00000000a5580000, 0x00000000e0000000)
  object space 87552K, 8% used [0x00000000a0000000,0x00000000a07ac7b0,0x00000000a5580000)
 Metaspace       used 20731K, capacity 21138K, committed 21296K, reserved 1067008K
  class space    used 2794K, capacity 2916K, committed 2944K, reserved 1048576K
}
Event: 9.450 GC heap before
{Heap before GC invocations=5 (full 1):
 PSYoungGen      total 38400K, used 5113K [0x00000000e0000000, 0x00000000e2a80000, 0x0000000100000000)
  eden space 33280K, 0% used [0x00000000e0000000,0x00000000e0000000,0x00000000e2080000)
  from space 5120K, 99% used [0x00000000e2580000,0x00000000e2a7e660,0x00000000e2a80000)
  to   space 5120K, 0% used [0x00000000e2080000,0x00000000e2080000,0x00000000e2580000)
 ParOldGen       total 87552K, used 7857K [0x00000000a0000000, 0x00000000a5580000, 0x00000000e0000000)
  object space 87552K, 8% used [0x00000000a0000000,0x00000000a07ac7b0,0x00000000a5580000)
 Metaspace       used 20731K, capacity 21138K, committed 21296K, reserved 1067008K
  class space    used 2794K, capacity 2916K, committed 2944K, reserved 1048576K
Event: 9.576 GC heap after
Heap after GC invocations=5 (full 1):
 PSYoungGen      total 38400K, used 0K [0x00000000e0000000, 0x00000000e2a80000, 0x0000000100000000)
  eden space 33280K, 0% used [0x00000000e0000000,0x00000000e0000000,0x00000000e2080000)
  from space 5120K, 0% used [0x00000000e2580000,0x00000000e2580000,0x00000000e2a80000)
  to   space 5120K, 0% used [0x00000000e2080000,0x00000000e2080000,0x00000000e2580000)
 ParOldGen       total 69120K, used 8713K [0x00000000a0000000, 0x00000000a4380000, 0x00000000e0000000)
  object space 69120K, 12% used [0x00000000a0000000,0x00000000a0882458,0x00000000a4380000)
 Metaspace       used 20731K, capacity 21138K, committed 21296K, reserved 1067008K
  class space    used 2794K, capacity 2916K, committed 2944K, reserved 1048576K
}
Event: 10.876 GC heap before
{Heap before GC invocations=6 (full 1):
 PSYoungGen      total 38400K, used 33280K [0x00000000e0000000, 0x00000000e2a80000, 0x0000000100000000)
  eden space 33280K, 100% used [0x00000000e0000000,0x00000000e2080000,0x00000000e2080000)
  from space 5120K, 0% used [0x00000000e2580000,0x00000000e2580000,0x00000000e2a80000)
  to   space 5120K, 0% used [0x00000000e2080000,0x00000000e2080000,0x00000000e2580000)
 ParOldGen       total 69120K, used 8713K [0x00000000a0000000, 0x00000000a4380000, 0x00000000e0000000)
  object space 69120K, 12% used [0x00000000a0000000,0x00000000a0882458,0x00000000a4380000)
 Metaspace       used 23586K, capacity 24020K, committed 24320K, reserved 1071104K
  class space    used 3149K, capacity 3277K, committed 3328K, reserved 1048576K
Event: 10.897 GC heap after
Heap after GC invocations=6 (full 1):
 PSYoungGen      total 38400K, used 3320K [0x00000000e0000000, 0x00000000e4300000, 0x0000000100000000)
  eden space 33280K, 0% used [0x00000000e0000000,0x00000000e0000000,0x00000000e2080000)
  from space 5120K, 64% used [0x00000000e2080000,0x00000000e23be0b8,0x00000000e2580000)
  to   space 10752K, 0% used [0x00000000e3880000,0x00000000e3880000,0x00000000e4300000)
 ParOldGen       total 69120K, used 8721K [0x00000000a0000000, 0x00000000a4380000, 0x00000000e0000000)
  object space 69120K, 12% used [0x00000000a0000000,0x00000000a0884458,0x00000000a4380000)
 Metaspace       used 23586K, capacity 24020K, committed 24320K, reserved 1071104K
  class space    used 3149K, capacity 3277K, committed 3328K, reserved 1048576K
}
Event: 13.920 GC heap before
{Heap before GC invocations=7 (full 1):
 PSYoungGen      total 38400K, used 36600K [0x00000000e0000000, 0x00000000e4300000, 0x0000000100000000)
  eden space 33280K, 100% used [0x00000000e0000000,0x00000000e2080000,0x00000000e2080000)
  from space 5120K, 64% used [0x00000000e2080000,0x00000000e23be0b8,0x00000000e2580000)
  to   space 10752K, 0% used [0x00000000e3880000,0x00000000e3880000,0x00000000e4300000)
 ParOldGen       total 69120K, used 8721K [0x00000000a0000000, 0x00000000a4380000, 0x00000000e0000000)
  object space 69120K, 12% used [0x00000000a0000000,0x00000000a0884458,0x00000000a4380000)
 Metaspace       used 26867K, capacity 27368K, committed 27648K, reserved 1073152K
  class space    used 3610K, capacity 3747K, committed 3840K, reserved 1048576K
Event: 13.955 GC heap after
Heap after GC invocations=7 (full 1):
 PSYoungGen      total 57856K, used 5625K [0x00000000e0000000, 0x00000000e4280000, 0x0000000100000000)
  eden space 47616K, 0% used [0x00000000e0000000,0x00000000e0000000,0x00000000e2e80000)
  from space 10240K, 54% used [0x00000000e3880000,0x00000000e3dfe500,0x00000000e4280000)
  to   space 10240K, 0% used [0x00000000e2e80000,0x00000000e2e80000,0x00000000e3880000)
 ParOldGen       total 69120K, used 8729K [0x00000000a0000000, 0x00000000a4380000, 0x00000000e0000000)
  object space 69120K, 12% used [0x00000000a0000000,0x00000000a0886458,0x00000000a4380000)
 Metaspace       used 26867K, capacity 27368K, committed 27648K, reserved 1073152K
  class space    used 3610K, capacity 3747K, committed 3840K, reserved 1048576K
}

